============================================================
  Generated by:           Genus(TM) Synthesis Solution 21.17-s066_1
  Generated on:           May 15 2025  12:24:32 am
  Module:                 top
  Operating conditions:   BCCOM (balanced_tree)
  Wireload mode:          segmented
  Area mode:              timing library
============================================================


Path 1: MET (621911 ps) Setup Check with Pin u_downmixer_recovery/u_cic_Q/u_integrator/int_d0_reg[30]/CP->D
          Group: reg2reg
     Startpoint: (R) u_downmixer_recovery/u_dds_cordic/r_sin_out_reg[0]/CP
          Clock: (R) clk
       Endpoint: (R) u_downmixer_recovery/u_cic_Q/u_integrator/int_d0_reg[30]/D
          Clock: (R) clk

                     Capture       Launch     
        Clock Edge:+  625000            0     
       Src Latency:+       0            0     
       Net Latency:+       0 (I)        0 (I) 
           Arrival:=  625000            0     
                                              
             Setup:-      18                  
       Uncertainty:-     100                  
     Required Time:=  624882                  
      Launch Clock:-       0                  
         Data Path:-    2971                  
             Slack:=  621911                  

#------------------------------------------------------------------------------------------------------------------------------------------
#                         Timing Point                          Flags    Arc   Edge     Cell      Fanout Load Trans Delay Arrival Instance 
#                                                                                                        (fF)  (ps)  (ps)   (ps)  Location 
#------------------------------------------------------------------------------------------------------------------------------------------
  u_downmixer_recovery/u_dds_cordic/r_sin_out_reg[0]/CP         -       -      R     (arrival)      2355    -   100     0       0    (-,-) 
  u_downmixer_recovery/u_dds_cordic/r_sin_out_reg[0]/Q          -       CP->Q  R     DFXQD1BWP7T       7  4.8    47   126     126    (-,-) 
  u_downmixer_recovery/u_dds_cordic/g1101/ZN                    -       A1->ZN F     NR2D1BWP7T        2  1.2    20    16     142    (-,-) 
  u_downmixer_recovery/u_dds_cordic/g1095/ZN                    -       B->ZN  R     AOI21D0BWP7T      7  4.8   144    94     236    (-,-) 
  u_downmixer_recovery/u_mixer_Q/mul_8_32_drc_bufs1070/ZN       -       I->ZN  F     INVD1BWP7T        8  5.2    60    44     279    (-,-) 
  u_downmixer_recovery/u_mixer_Q/mul_8_32_g949/ZN               -       A1->ZN R     NR2XD0BWP7T       8  5.1    90    67     346    (-,-) 
  u_downmixer_recovery/u_mixer_Q/mul_8_32_g936/ZN               -       A2->ZN F     AOI22D0BWP7T      2  1.3    52    36     382    (-,-) 
  u_downmixer_recovery/u_mixer_Q/mul_8_32_g910/ZN               -       A1->ZN R     NR2XD0BWP7T       2  1.5    41    35     417    (-,-) 
  u_downmixer_recovery/u_mixer_Q/mul_8_32_g894/ZN               -       B->ZN  F     AOI21D0BWP7T      1  0.6    34    20     437    (-,-) 
  u_downmixer_recovery/u_cic_Q/u_integrator/g1080/ZN            -       A1->ZN F     INR2D0BWP7T       1  0.9    22    37     474    (-,-) 
  u_downmixer_recovery/u_cic_Q/u_integrator/ADD_TC_OP13_g810/CO -       A->CO  F     FA1D0BWP7T        1  1.3    35   115     589    (-,-) 
  u_downmixer_recovery/u_cic_Q/u_integrator/ADD_TC_OP13_g809/CO -       B->CO  F     FA1D0BWP7T        1  1.3    35   118     707    (-,-) 
  u_downmixer_recovery/u_cic_Q/u_integrator/ADD_TC_OP13_g808/CO -       B->CO  F     FA1D0BWP7T        1  0.9    32   115     822    (-,-) 
  u_downmixer_recovery/u_cic_Q/u_integrator/ADD_TC_OP13_g807/CO -       A->CO  F     FA1D0BWP7T        1  0.9    32   114     936    (-,-) 
  u_downmixer_recovery/u_cic_Q/u_integrator/ADD_TC_OP13_g806/CO -       A->CO  F     FA1D0BWP7T        1  0.9    32   114    1050    (-,-) 
  u_downmixer_recovery/u_cic_Q/u_integrator/ADD_TC_OP13_g805/CO -       CI->CO F     FA1D0BWP7T        1  0.9    32    75    1125    (-,-) 
  u_downmixer_recovery/u_cic_Q/u_integrator/ADD_TC_OP13_g804/CO -       CI->CO F     FA1D0BWP7T        1  0.9    32    75    1201    (-,-) 
  u_downmixer_recovery/u_cic_Q/u_integrator/ADD_TC_OP13_g803/CO -       CI->CO F     FA1D0BWP7T        1  0.9    32    75    1276    (-,-) 
  u_downmixer_recovery/u_cic_Q/u_integrator/ADD_TC_OP13_g802/CO -       CI->CO F     FA1D0BWP7T        1  0.9    32    75    1351    (-,-) 
  u_downmixer_recovery/u_cic_Q/u_integrator/ADD_TC_OP13_g801/CO -       CI->CO F     FA1D0BWP7T        1  0.9    32    75    1426    (-,-) 
  u_downmixer_recovery/u_cic_Q/u_integrator/ADD_TC_OP13_g800/CO -       CI->CO F     FA1D0BWP7T        1  0.9    32    75    1502    (-,-) 
  u_downmixer_recovery/u_cic_Q/u_integrator/ADD_TC_OP13_g799/CO -       CI->CO F     FA1D0BWP7T        1  0.9    32    75    1577    (-,-) 
  u_downmixer_recovery/u_cic_Q/u_integrator/ADD_TC_OP13_g798/CO -       CI->CO F     FA1D0BWP7T        1  0.9    32    75    1652    (-,-) 
  u_downmixer_recovery/u_cic_Q/u_integrator/ADD_TC_OP13_g797/CO -       CI->CO F     FA1D0BWP7T        1  0.9    32    75    1728    (-,-) 
  u_downmixer_recovery/u_cic_Q/u_integrator/ADD_TC_OP13_g796/CO -       CI->CO F     FA1D0BWP7T        1  0.9    32    75    1803    (-,-) 
  u_downmixer_recovery/u_cic_Q/u_integrator/ADD_TC_OP13_g795/CO -       CI->CO F     FA1D0BWP7T        1  0.9    32    75    1878    (-,-) 
  u_downmixer_recovery/u_cic_Q/u_integrator/ADD_TC_OP13_g794/CO -       CI->CO F     FA1D0BWP7T        1  0.9    32    75    1954    (-,-) 
  u_downmixer_recovery/u_cic_Q/u_integrator/ADD_TC_OP13_g793/CO -       CI->CO F     FA1D0BWP7T        1  0.9    32    75    2029    (-,-) 
  u_downmixer_recovery/u_cic_Q/u_integrator/ADD_TC_OP13_g792/CO -       CI->CO F     FA1D0BWP7T        1  0.9    32    75    2104    (-,-) 
  u_downmixer_recovery/u_cic_Q/u_integrator/ADD_TC_OP13_g791/CO -       CI->CO F     FA1D0BWP7T        1  0.9    32    75    2180    (-,-) 
  u_downmixer_recovery/u_cic_Q/u_integrator/ADD_TC_OP13_g790/CO -       CI->CO F     FA1D0BWP7T        1  0.9    32    75    2255    (-,-) 
  u_downmixer_recovery/u_cic_Q/u_integrator/ADD_TC_OP13_g789/CO -       CI->CO F     FA1D0BWP7T        1  0.9    32    75    2330    (-,-) 
  u_downmixer_recovery/u_cic_Q/u_integrator/ADD_TC_OP13_g788/CO -       CI->CO F     FA1D0BWP7T        1  0.9    32    75    2405    (-,-) 
  u_downmixer_recovery/u_cic_Q/u_integrator/ADD_TC_OP13_g787/CO -       CI->CO F     FA1D0BWP7T        1  0.9    32    75    2481    (-,-) 
  u_downmixer_recovery/u_cic_Q/u_integrator/ADD_TC_OP13_g786/CO -       CI->CO F     FA1D0BWP7T        1  0.9    32    75    2556    (-,-) 
  u_downmixer_recovery/u_cic_Q/u_integrator/ADD_TC_OP13_g785/CO -       CI->CO F     FA1D0BWP7T        1  0.9    32    75    2631    (-,-) 
  u_downmixer_recovery/u_cic_Q/u_integrator/ADD_TC_OP13_g784/CO -       CI->CO F     FA1D0BWP7T        1  0.9    32    75    2707    (-,-) 
  u_downmixer_recovery/u_cic_Q/u_integrator/ADD_TC_OP13_g783/CO -       CI->CO F     FA1D0BWP7T        1  0.9    32    75    2782    (-,-) 
  u_downmixer_recovery/u_cic_Q/u_integrator/ADD_TC_OP13_g782/CO -       CI->CO F     FA1D0BWP7T        1  0.8    31    74    2856    (-,-) 
  u_downmixer_recovery/u_cic_Q/u_integrator/g1496/Z             -       A1->Z  R     XOR3D1BWP7T       1  0.6    20   115    2971    (-,-) 
  u_downmixer_recovery/u_cic_Q/u_integrator/int_d0_reg[30]/D    -       -      R     DFCNQD1BWP7T      1    -     -     0    2971    (-,-) 
#------------------------------------------------------------------------------------------------------------------------------------------



Path 2: MET (621914 ps) Setup Check with Pin u_downmixer_recovery/u_cic_Q/u_integrator/int_d0_reg[30]/CP->D
          Group: reg2reg
     Startpoint: (R) u_downmixer_recovery/u_dds_cordic/r_sin_out_reg[0]/CP
          Clock: (R) clk
       Endpoint: (R) u_downmixer_recovery/u_cic_Q/u_integrator/int_d0_reg[30]/D
          Clock: (R) clk

                     Capture       Launch     
        Clock Edge:+  625000            0     
       Src Latency:+       0            0     
       Net Latency:+       0 (I)        0 (I) 
           Arrival:=  625000            0     
                                              
             Setup:-      18                  
       Uncertainty:-     100                  
     Required Time:=  624882                  
      Launch Clock:-       0                  
         Data Path:-    2968                  
             Slack:=  621914                  

#------------------------------------------------------------------------------------------------------------------------------------------
#                         Timing Point                          Flags    Arc   Edge     Cell      Fanout Load Trans Delay Arrival Instance 
#                                                                                                        (fF)  (ps)  (ps)   (ps)  Location 
#------------------------------------------------------------------------------------------------------------------------------------------
  u_downmixer_recovery/u_dds_cordic/r_sin_out_reg[0]/CP         -       -      R     (arrival)      2355    -   100     0       0    (-,-) 
  u_downmixer_recovery/u_dds_cordic/r_sin_out_reg[0]/Q          -       CP->Q  R     DFXQD1BWP7T       7  4.8    47   126     126    (-,-) 
  u_downmixer_recovery/u_dds_cordic/g1101/ZN                    -       A1->ZN F     NR2D1BWP7T        2  1.2    20    16     142    (-,-) 
  u_downmixer_recovery/u_dds_cordic/g1095/ZN                    -       B->ZN  R     AOI21D0BWP7T      7  4.8   144    94     236    (-,-) 
  u_downmixer_recovery/u_mixer_Q/mul_8_32_drc_bufs1070/ZN       -       I->ZN  F     INVD1BWP7T        8  5.2    60    44     279    (-,-) 
  u_downmixer_recovery/u_mixer_Q/mul_8_32_drc_bufs1069/ZN       -       I->ZN  R     INVD1BWP7T        5  3.2    41    35     314    (-,-) 
  u_downmixer_recovery/u_mixer_Q/mul_8_32_g995/ZN               -       A2->ZN F     OAI22D0BWP7T      2  1.2    42    35     349    (-,-) 
  u_downmixer_recovery/u_mixer_Q/mul_8_32_g936/ZN               -       B2->ZN R     AOI22D0BWP7T      2  1.3    70    58     408    (-,-) 
  u_downmixer_recovery/u_mixer_Q/mul_8_32_g894/ZN               -       A1->ZN F     AOI21D0BWP7T      1  0.6    34    27     434    (-,-) 
  u_downmixer_recovery/u_cic_Q/u_integrator/g1080/ZN            -       A1->ZN F     INR2D0BWP7T       1  0.9    22    37     471    (-,-) 
  u_downmixer_recovery/u_cic_Q/u_integrator/ADD_TC_OP13_g810/CO -       A->CO  F     FA1D0BWP7T        1  1.3    35   115     586    (-,-) 
  u_downmixer_recovery/u_cic_Q/u_integrator/ADD_TC_OP13_g809/CO -       B->CO  F     FA1D0BWP7T        1  1.3    35   118     704    (-,-) 
  u_downmixer_recovery/u_cic_Q/u_integrator/ADD_TC_OP13_g808/CO -       B->CO  F     FA1D0BWP7T        1  0.9    32   115     819    (-,-) 
  u_downmixer_recovery/u_cic_Q/u_integrator/ADD_TC_OP13_g807/CO -       A->CO  F     FA1D0BWP7T        1  0.9    32   114     933    (-,-) 
  u_downmixer_recovery/u_cic_Q/u_integrator/ADD_TC_OP13_g806/CO -       A->CO  F     FA1D0BWP7T        1  0.9    32   114    1047    (-,-) 
  u_downmixer_recovery/u_cic_Q/u_integrator/ADD_TC_OP13_g805/CO -       CI->CO F     FA1D0BWP7T        1  0.9    32    75    1122    (-,-) 
  u_downmixer_recovery/u_cic_Q/u_integrator/ADD_TC_OP13_g804/CO -       CI->CO F     FA1D0BWP7T        1  0.9    32    75    1198    (-,-) 
  u_downmixer_recovery/u_cic_Q/u_integrator/ADD_TC_OP13_g803/CO -       CI->CO F     FA1D0BWP7T        1  0.9    32    75    1273    (-,-) 
  u_downmixer_recovery/u_cic_Q/u_integrator/ADD_TC_OP13_g802/CO -       CI->CO F     FA1D0BWP7T        1  0.9    32    75    1348    (-,-) 
  u_downmixer_recovery/u_cic_Q/u_integrator/ADD_TC_OP13_g801/CO -       CI->CO F     FA1D0BWP7T        1  0.9    32    75    1424    (-,-) 
  u_downmixer_recovery/u_cic_Q/u_integrator/ADD_TC_OP13_g800/CO -       CI->CO F     FA1D0BWP7T        1  0.9    32    75    1499    (-,-) 
  u_downmixer_recovery/u_cic_Q/u_integrator/ADD_TC_OP13_g799/CO -       CI->CO F     FA1D0BWP7T        1  0.9    32    75    1574    (-,-) 
  u_downmixer_recovery/u_cic_Q/u_integrator/ADD_TC_OP13_g798/CO -       CI->CO F     FA1D0BWP7T        1  0.9    32    75    1650    (-,-) 
  u_downmixer_recovery/u_cic_Q/u_integrator/ADD_TC_OP13_g797/CO -       CI->CO F     FA1D0BWP7T        1  0.9    32    75    1725    (-,-) 
  u_downmixer_recovery/u_cic_Q/u_integrator/ADD_TC_OP13_g796/CO -       CI->CO F     FA1D0BWP7T        1  0.9    32    75    1800    (-,-) 
  u_downmixer_recovery/u_cic_Q/u_integrator/ADD_TC_OP13_g795/CO -       CI->CO F     FA1D0BWP7T        1  0.9    32    75    1876    (-,-) 
  u_downmixer_recovery/u_cic_Q/u_integrator/ADD_TC_OP13_g794/CO -       CI->CO F     FA1D0BWP7T        1  0.9    32    75    1951    (-,-) 
  u_downmixer_recovery/u_cic_Q/u_integrator/ADD_TC_OP13_g793/CO -       CI->CO F     FA1D0BWP7T        1  0.9    32    75    2026    (-,-) 
  u_downmixer_recovery/u_cic_Q/u_integrator/ADD_TC_OP13_g792/CO -       CI->CO F     FA1D0BWP7T        1  0.9    32    75    2101    (-,-) 
  u_downmixer_recovery/u_cic_Q/u_integrator/ADD_TC_OP13_g791/CO -       CI->CO F     FA1D0BWP7T        1  0.9    32    75    2177    (-,-) 
  u_downmixer_recovery/u_cic_Q/u_integrator/ADD_TC_OP13_g790/CO -       CI->CO F     FA1D0BWP7T        1  0.9    32    75    2252    (-,-) 
  u_downmixer_recovery/u_cic_Q/u_integrator/ADD_TC_OP13_g789/CO -       CI->CO F     FA1D0BWP7T        1  0.9    32    75    2327    (-,-) 
  u_downmixer_recovery/u_cic_Q/u_integrator/ADD_TC_OP13_g788/CO -       CI->CO F     FA1D0BWP7T        1  0.9    32    75    2403    (-,-) 
  u_downmixer_recovery/u_cic_Q/u_integrator/ADD_TC_OP13_g787/CO -       CI->CO F     FA1D0BWP7T        1  0.9    32    75    2478    (-,-) 
  u_downmixer_recovery/u_cic_Q/u_integrator/ADD_TC_OP13_g786/CO -       CI->CO F     FA1D0BWP7T        1  0.9    32    75    2553    (-,-) 
  u_downmixer_recovery/u_cic_Q/u_integrator/ADD_TC_OP13_g785/CO -       CI->CO F     FA1D0BWP7T        1  0.9    32    75    2628    (-,-) 
  u_downmixer_recovery/u_cic_Q/u_integrator/ADD_TC_OP13_g784/CO -       CI->CO F     FA1D0BWP7T        1  0.9    32    75    2704    (-,-) 
  u_downmixer_recovery/u_cic_Q/u_integrator/ADD_TC_OP13_g783/CO -       CI->CO F     FA1D0BWP7T        1  0.9    32    75    2779    (-,-) 
  u_downmixer_recovery/u_cic_Q/u_integrator/ADD_TC_OP13_g782/CO -       CI->CO F     FA1D0BWP7T        1  0.8    31    74    2853    (-,-) 
  u_downmixer_recovery/u_cic_Q/u_integrator/g1496/Z             -       A1->Z  R     XOR3D1BWP7T       1  0.6    20   115    2968    (-,-) 
  u_downmixer_recovery/u_cic_Q/u_integrator/int_d0_reg[30]/D    -       -      R     DFCNQD1BWP7T      1    -     -     0    2968    (-,-) 
#------------------------------------------------------------------------------------------------------------------------------------------



Path 3: MET (621914 ps) Setup Check with Pin u_downmixer_recovery/u_cic_Q/u_integrator/int_d0_reg[30]/CP->D
          Group: reg2reg
     Startpoint: (R) u_downmixer_recovery/u_dds_cordic/r_sin_out_reg[0]/CP
          Clock: (R) clk
       Endpoint: (R) u_downmixer_recovery/u_cic_Q/u_integrator/int_d0_reg[30]/D
          Clock: (R) clk

                     Capture       Launch     
        Clock Edge:+  625000            0     
       Src Latency:+       0            0     
       Net Latency:+       0 (I)        0 (I) 
           Arrival:=  625000            0     
                                              
             Setup:-      18                  
       Uncertainty:-     100                  
     Required Time:=  624882                  
      Launch Clock:-       0                  
         Data Path:-    2968                  
             Slack:=  621914                  

#------------------------------------------------------------------------------------------------------------------------------------------
#                         Timing Point                          Flags    Arc   Edge     Cell      Fanout Load Trans Delay Arrival Instance 
#                                                                                                        (fF)  (ps)  (ps)   (ps)  Location 
#------------------------------------------------------------------------------------------------------------------------------------------
  u_downmixer_recovery/u_dds_cordic/r_sin_out_reg[0]/CP         -       -      R     (arrival)      2355    -   100     0       0    (-,-) 
  u_downmixer_recovery/u_dds_cordic/r_sin_out_reg[0]/Q          -       CP->Q  R     DFXQD1BWP7T       7  4.8    47   126     126    (-,-) 
  u_downmixer_recovery/u_dds_cordic/g1101/ZN                    -       A1->ZN F     NR2D1BWP7T        2  1.2    20    16     142    (-,-) 
  u_downmixer_recovery/u_dds_cordic/g1095/ZN                    -       B->ZN  R     AOI21D0BWP7T      7  4.8   144    94     236    (-,-) 
  u_downmixer_recovery/u_mixer_Q/mul_8_32_drc_bufs1070/ZN       -       I->ZN  F     INVD1BWP7T        8  5.2    60    44     279    (-,-) 
  u_downmixer_recovery/u_mixer_Q/mul_8_32_g995/ZN               -       B2->ZN R     OAI22D0BWP7T      2  1.3    76    59     338    (-,-) 
  u_downmixer_recovery/u_mixer_Q/mul_8_32_g936/ZN               -       B2->ZN F     AOI22D0BWP7T      2  1.3    52    41     380    (-,-) 
  u_downmixer_recovery/u_mixer_Q/mul_8_32_g910/ZN               -       A1->ZN R     NR2XD0BWP7T       2  1.5    41    35     414    (-,-) 
  u_downmixer_recovery/u_mixer_Q/mul_8_32_g894/ZN               -       B->ZN  F     AOI21D0BWP7T      1  0.6    34    20     434    (-,-) 
  u_downmixer_recovery/u_cic_Q/u_integrator/g1080/ZN            -       A1->ZN F     INR2D0BWP7T       1  0.9    22    37     471    (-,-) 
  u_downmixer_recovery/u_cic_Q/u_integrator/ADD_TC_OP13_g810/CO -       A->CO  F     FA1D0BWP7T        1  1.3    35   115     586    (-,-) 
  u_downmixer_recovery/u_cic_Q/u_integrator/ADD_TC_OP13_g809/CO -       B->CO  F     FA1D0BWP7T        1  1.3    35   118     704    (-,-) 
  u_downmixer_recovery/u_cic_Q/u_integrator/ADD_TC_OP13_g808/CO -       B->CO  F     FA1D0BWP7T        1  0.9    32   115     819    (-,-) 
  u_downmixer_recovery/u_cic_Q/u_integrator/ADD_TC_OP13_g807/CO -       A->CO  F     FA1D0BWP7T        1  0.9    32   114     933    (-,-) 
  u_downmixer_recovery/u_cic_Q/u_integrator/ADD_TC_OP13_g806/CO -       A->CO  F     FA1D0BWP7T        1  0.9    32   114    1047    (-,-) 
  u_downmixer_recovery/u_cic_Q/u_integrator/ADD_TC_OP13_g805/CO -       CI->CO F     FA1D0BWP7T        1  0.9    32    75    1122    (-,-) 
  u_downmixer_recovery/u_cic_Q/u_integrator/ADD_TC_OP13_g804/CO -       CI->CO F     FA1D0BWP7T        1  0.9    32    75    1198    (-,-) 
  u_downmixer_recovery/u_cic_Q/u_integrator/ADD_TC_OP13_g803/CO -       CI->CO F     FA1D0BWP7T        1  0.9    32    75    1273    (-,-) 
  u_downmixer_recovery/u_cic_Q/u_integrator/ADD_TC_OP13_g802/CO -       CI->CO F     FA1D0BWP7T        1  0.9    32    75    1348    (-,-) 
  u_downmixer_recovery/u_cic_Q/u_integrator/ADD_TC_OP13_g801/CO -       CI->CO F     FA1D0BWP7T        1  0.9    32    75    1424    (-,-) 
  u_downmixer_recovery/u_cic_Q/u_integrator/ADD_TC_OP13_g800/CO -       CI->CO F     FA1D0BWP7T        1  0.9    32    75    1499    (-,-) 
  u_downmixer_recovery/u_cic_Q/u_integrator/ADD_TC_OP13_g799/CO -       CI->CO F     FA1D0BWP7T        1  0.9    32    75    1574    (-,-) 
  u_downmixer_recovery/u_cic_Q/u_integrator/ADD_TC_OP13_g798/CO -       CI->CO F     FA1D0BWP7T        1  0.9    32    75    1650    (-,-) 
  u_downmixer_recovery/u_cic_Q/u_integrator/ADD_TC_OP13_g797/CO -       CI->CO F     FA1D0BWP7T        1  0.9    32    75    1725    (-,-) 
  u_downmixer_recovery/u_cic_Q/u_integrator/ADD_TC_OP13_g796/CO -       CI->CO F     FA1D0BWP7T        1  0.9    32    75    1800    (-,-) 
  u_downmixer_recovery/u_cic_Q/u_integrator/ADD_TC_OP13_g795/CO -       CI->CO F     FA1D0BWP7T        1  0.9    32    75    1875    (-,-) 
  u_downmixer_recovery/u_cic_Q/u_integrator/ADD_TC_OP13_g794/CO -       CI->CO F     FA1D0BWP7T        1  0.9    32    75    1951    (-,-) 
  u_downmixer_recovery/u_cic_Q/u_integrator/ADD_TC_OP13_g793/CO -       CI->CO F     FA1D0BWP7T        1  0.9    32    75    2026    (-,-) 
  u_downmixer_recovery/u_cic_Q/u_integrator/ADD_TC_OP13_g792/CO -       CI->CO F     FA1D0BWP7T        1  0.9    32    75    2101    (-,-) 
  u_downmixer_recovery/u_cic_Q/u_integrator/ADD_TC_OP13_g791/CO -       CI->CO F     FA1D0BWP7T        1  0.9    32    75    2177    (-,-) 
  u_downmixer_recovery/u_cic_Q/u_integrator/ADD_TC_OP13_g790/CO -       CI->CO F     FA1D0BWP7T        1  0.9    32    75    2252    (-,-) 
  u_downmixer_recovery/u_cic_Q/u_integrator/ADD_TC_OP13_g789/CO -       CI->CO F     FA1D0BWP7T        1  0.9    32    75    2327    (-,-) 
  u_downmixer_recovery/u_cic_Q/u_integrator/ADD_TC_OP13_g788/CO -       CI->CO F     FA1D0BWP7T        1  0.9    32    75    2402    (-,-) 
  u_downmixer_recovery/u_cic_Q/u_integrator/ADD_TC_OP13_g787/CO -       CI->CO F     FA1D0BWP7T        1  0.9    32    75    2478    (-,-) 
  u_downmixer_recovery/u_cic_Q/u_integrator/ADD_TC_OP13_g786/CO -       CI->CO F     FA1D0BWP7T        1  0.9    32    75    2553    (-,-) 
  u_downmixer_recovery/u_cic_Q/u_integrator/ADD_TC_OP13_g785/CO -       CI->CO F     FA1D0BWP7T        1  0.9    32    75    2628    (-,-) 
  u_downmixer_recovery/u_cic_Q/u_integrator/ADD_TC_OP13_g784/CO -       CI->CO F     FA1D0BWP7T        1  0.9    32    75    2704    (-,-) 
  u_downmixer_recovery/u_cic_Q/u_integrator/ADD_TC_OP13_g783/CO -       CI->CO F     FA1D0BWP7T        1  0.9    32    75    2779    (-,-) 
  u_downmixer_recovery/u_cic_Q/u_integrator/ADD_TC_OP13_g782/CO -       CI->CO F     FA1D0BWP7T        1  0.8    31    74    2853    (-,-) 
  u_downmixer_recovery/u_cic_Q/u_integrator/g1496/Z             -       A1->Z  R     XOR3D1BWP7T       1  0.6    20   115    2968    (-,-) 
  u_downmixer_recovery/u_cic_Q/u_integrator/int_d0_reg[30]/D    -       -      R     DFCNQD1BWP7T      1    -     -     0    2968    (-,-) 
#------------------------------------------------------------------------------------------------------------------------------------------



Path 4: MET (621927 ps) Setup Check with Pin u_downmixer_recovery/u_cic_Q/u_integrator/int_d0_reg[30]/CP->D
          Group: reg2reg
     Startpoint: (R) u_downmixer_recovery/u_dds_cordic/r_sin_out_reg[0]/CP
          Clock: (R) clk
       Endpoint: (R) u_downmixer_recovery/u_cic_Q/u_integrator/int_d0_reg[30]/D
          Clock: (R) clk

                     Capture       Launch     
        Clock Edge:+  625000            0     
       Src Latency:+       0            0     
       Net Latency:+       0 (I)        0 (I) 
           Arrival:=  625000            0     
                                              
             Setup:-      18                  
       Uncertainty:-     100                  
     Required Time:=  624882                  
      Launch Clock:-       0                  
         Data Path:-    2955                  
             Slack:=  621927                  

#------------------------------------------------------------------------------------------------------------------------------------------
#                         Timing Point                          Flags    Arc   Edge     Cell      Fanout Load Trans Delay Arrival Instance 
#                                                                                                        (fF)  (ps)  (ps)   (ps)  Location 
#------------------------------------------------------------------------------------------------------------------------------------------
  u_downmixer_recovery/u_dds_cordic/r_sin_out_reg[0]/CP         -       -      R     (arrival)      2355    -   100     0       0    (-,-) 
  u_downmixer_recovery/u_dds_cordic/r_sin_out_reg[0]/Q          -       CP->Q  R     DFXQD1BWP7T       7  4.8    47   126     126    (-,-) 
  u_downmixer_recovery/u_dds_cordic/g1101/ZN                    -       A1->ZN F     NR2D1BWP7T        2  1.2    20    16     142    (-,-) 
  u_downmixer_recovery/u_dds_cordic/g1095/ZN                    -       B->ZN  R     AOI21D0BWP7T      7  4.8   144    94     236    (-,-) 
  u_downmixer_recovery/u_mixer_Q/mul_8_32_drc_bufs1070/ZN       -       I->ZN  F     INVD1BWP7T        8  5.2    60    44     279    (-,-) 
  u_downmixer_recovery/u_mixer_Q/mul_8_32_g970/ZN               -       A1->ZN R     AOI22D0BWP7T      8  5.4   170   111     390    (-,-) 
  u_downmixer_recovery/u_mixer_Q/mul_8_32_g938/ZN               -       A1->ZN F     NR2XD0BWP7T       1  0.9    46    25     416    (-,-) 
  u_downmixer_recovery/u_mixer_Q/mul_8_32_cdnfadd2/S            -       A->S   F     FA1D0BWP7T        1  0.6    28   125     541    (-,-) 
  u_downmixer_recovery/u_cic_Q/u_integrator/g1075/ZN            -       A1->ZN F     INR2D0BWP7T       1  0.9    22    35     576    (-,-) 
  u_downmixer_recovery/u_cic_Q/u_integrator/ADD_TC_OP13_g809/CO -       A->CO  F     FA1D0BWP7T        1  1.3    35   115     691    (-,-) 
  u_downmixer_recovery/u_cic_Q/u_integrator/ADD_TC_OP13_g808/CO -       B->CO  F     FA1D0BWP7T        1  0.9    32   115     806    (-,-) 
  u_downmixer_recovery/u_cic_Q/u_integrator/ADD_TC_OP13_g807/CO -       A->CO  F     FA1D0BWP7T        1  0.9    32   114     920    (-,-) 
  u_downmixer_recovery/u_cic_Q/u_integrator/ADD_TC_OP13_g806/CO -       A->CO  F     FA1D0BWP7T        1  0.9    32   114    1034    (-,-) 
  u_downmixer_recovery/u_cic_Q/u_integrator/ADD_TC_OP13_g805/CO -       CI->CO F     FA1D0BWP7T        1  0.9    32    75    1109    (-,-) 
  u_downmixer_recovery/u_cic_Q/u_integrator/ADD_TC_OP13_g804/CO -       CI->CO F     FA1D0BWP7T        1  0.9    32    75    1185    (-,-) 
  u_downmixer_recovery/u_cic_Q/u_integrator/ADD_TC_OP13_g803/CO -       CI->CO F     FA1D0BWP7T        1  0.9    32    75    1260    (-,-) 
  u_downmixer_recovery/u_cic_Q/u_integrator/ADD_TC_OP13_g802/CO -       CI->CO F     FA1D0BWP7T        1  0.9    32    75    1335    (-,-) 
  u_downmixer_recovery/u_cic_Q/u_integrator/ADD_TC_OP13_g801/CO -       CI->CO F     FA1D0BWP7T        1  0.9    32    75    1411    (-,-) 
  u_downmixer_recovery/u_cic_Q/u_integrator/ADD_TC_OP13_g800/CO -       CI->CO F     FA1D0BWP7T        1  0.9    32    75    1486    (-,-) 
  u_downmixer_recovery/u_cic_Q/u_integrator/ADD_TC_OP13_g799/CO -       CI->CO F     FA1D0BWP7T        1  0.9    32    75    1561    (-,-) 
  u_downmixer_recovery/u_cic_Q/u_integrator/ADD_TC_OP13_g798/CO -       CI->CO F     FA1D0BWP7T        1  0.9    32    75    1636    (-,-) 
  u_downmixer_recovery/u_cic_Q/u_integrator/ADD_TC_OP13_g797/CO -       CI->CO F     FA1D0BWP7T        1  0.9    32    75    1712    (-,-) 
  u_downmixer_recovery/u_cic_Q/u_integrator/ADD_TC_OP13_g796/CO -       CI->CO F     FA1D0BWP7T        1  0.9    32    75    1787    (-,-) 
  u_downmixer_recovery/u_cic_Q/u_integrator/ADD_TC_OP13_g795/CO -       CI->CO F     FA1D0BWP7T        1  0.9    32    75    1862    (-,-) 
  u_downmixer_recovery/u_cic_Q/u_integrator/ADD_TC_OP13_g794/CO -       CI->CO F     FA1D0BWP7T        1  0.9    32    75    1938    (-,-) 
  u_downmixer_recovery/u_cic_Q/u_integrator/ADD_TC_OP13_g793/CO -       CI->CO F     FA1D0BWP7T        1  0.9    32    75    2013    (-,-) 
  u_downmixer_recovery/u_cic_Q/u_integrator/ADD_TC_OP13_g792/CO -       CI->CO F     FA1D0BWP7T        1  0.9    32    75    2088    (-,-) 
  u_downmixer_recovery/u_cic_Q/u_integrator/ADD_TC_OP13_g791/CO -       CI->CO F     FA1D0BWP7T        1  0.9    32    75    2164    (-,-) 
  u_downmixer_recovery/u_cic_Q/u_integrator/ADD_TC_OP13_g790/CO -       CI->CO F     FA1D0BWP7T        1  0.9    32    75    2239    (-,-) 
  u_downmixer_recovery/u_cic_Q/u_integrator/ADD_TC_OP13_g789/CO -       CI->CO F     FA1D0BWP7T        1  0.9    32    75    2314    (-,-) 
  u_downmixer_recovery/u_cic_Q/u_integrator/ADD_TC_OP13_g788/CO -       CI->CO F     FA1D0BWP7T        1  0.9    32    75    2390    (-,-) 
  u_downmixer_recovery/u_cic_Q/u_integrator/ADD_TC_OP13_g787/CO -       CI->CO F     FA1D0BWP7T        1  0.9    32    75    2465    (-,-) 
  u_downmixer_recovery/u_cic_Q/u_integrator/ADD_TC_OP13_g786/CO -       CI->CO F     FA1D0BWP7T        1  0.9    32    75    2540    (-,-) 
  u_downmixer_recovery/u_cic_Q/u_integrator/ADD_TC_OP13_g785/CO -       CI->CO F     FA1D0BWP7T        1  0.9    32    75    2615    (-,-) 
  u_downmixer_recovery/u_cic_Q/u_integrator/ADD_TC_OP13_g784/CO -       CI->CO F     FA1D0BWP7T        1  0.9    32    75    2691    (-,-) 
  u_downmixer_recovery/u_cic_Q/u_integrator/ADD_TC_OP13_g783/CO -       CI->CO F     FA1D0BWP7T        1  0.9    32    75    2766    (-,-) 
  u_downmixer_recovery/u_cic_Q/u_integrator/ADD_TC_OP13_g782/CO -       CI->CO F     FA1D0BWP7T        1  0.8    31    74    2840    (-,-) 
  u_downmixer_recovery/u_cic_Q/u_integrator/g1496/Z             -       A1->Z  R     XOR3D1BWP7T       1  0.6    20   115    2955    (-,-) 
  u_downmixer_recovery/u_cic_Q/u_integrator/int_d0_reg[30]/D    -       -      R     DFCNQD1BWP7T      1    -     -     0    2955    (-,-) 
#------------------------------------------------------------------------------------------------------------------------------------------



Path 5: MET (621935 ps) Setup Check with Pin u_downmixer_recovery/u_cic_Q/u_integrator/int_d0_reg[30]/CP->D
          Group: reg2reg
     Startpoint: (R) u_downmixer_recovery/u_dds_cordic/r_sin_out_reg[0]/CP
          Clock: (R) clk
       Endpoint: (R) u_downmixer_recovery/u_cic_Q/u_integrator/int_d0_reg[30]/D
          Clock: (R) clk

                     Capture       Launch     
        Clock Edge:+  625000            0     
       Src Latency:+       0            0     
       Net Latency:+       0 (I)        0 (I) 
           Arrival:=  625000            0     
                                              
             Setup:-      18                  
       Uncertainty:-     100                  
     Required Time:=  624882                  
      Launch Clock:-       0                  
         Data Path:-    2947                  
             Slack:=  621935                  

#------------------------------------------------------------------------------------------------------------------------------------------
#                         Timing Point                          Flags    Arc   Edge     Cell      Fanout Load Trans Delay Arrival Instance 
#                                                                                                        (fF)  (ps)  (ps)   (ps)  Location 
#------------------------------------------------------------------------------------------------------------------------------------------
  u_downmixer_recovery/u_dds_cordic/r_sin_out_reg[0]/CP         -       -      R     (arrival)      2355    -   100     0       0    (-,-) 
  u_downmixer_recovery/u_dds_cordic/r_sin_out_reg[0]/Q          -       CP->Q  R     DFXQD1BWP7T       7  4.8    47   126     126    (-,-) 
  u_downmixer_recovery/u_dds_cordic/g1101/ZN                    -       A1->ZN F     NR2D1BWP7T        2  1.2    20    16     142    (-,-) 
  u_downmixer_recovery/u_dds_cordic/g1099/ZN                    -       I->ZN  R     INVD0BWP7T        2  1.4    28    23     165    (-,-) 
  u_downmixer_recovery/u_dds_cordic/g1076/ZN                    -       A1->ZN F     NR2D1BWP7T        2  1.4    17    15     180    (-,-) 
  u_downmixer_recovery/u_dds_cordic/g1074/ZN                    -       B->ZN  R     AOI21D0BWP7T      4  3.0   101    68     248    (-,-) 
  u_downmixer_recovery/u_mixer_Q/mul_8_32_g1028/ZN              -       I->ZN  F     INVD1BWP7T        3  2.2    35    24     272    (-,-) 
  u_downmixer_recovery/u_mixer_Q/mul_8_32_g970/ZN               -       B1->ZN R     AOI22D0BWP7T      8  5.4   170   109     382    (-,-) 
  u_downmixer_recovery/u_mixer_Q/mul_8_32_g938/ZN               -       A1->ZN F     NR2XD0BWP7T       1  0.9    46    25     407    (-,-) 
  u_downmixer_recovery/u_mixer_Q/mul_8_32_cdnfadd2/S            -       A->S   F     FA1D0BWP7T        1  0.6    28   125     532    (-,-) 
  u_downmixer_recovery/u_cic_Q/u_integrator/g1075/ZN            -       A1->ZN F     INR2D0BWP7T       1  0.9    22    35     568    (-,-) 
  u_downmixer_recovery/u_cic_Q/u_integrator/ADD_TC_OP13_g809/CO -       A->CO  F     FA1D0BWP7T        1  1.3    35   115     682    (-,-) 
  u_downmixer_recovery/u_cic_Q/u_integrator/ADD_TC_OP13_g808/CO -       B->CO  F     FA1D0BWP7T        1  0.9    32   115     797    (-,-) 
  u_downmixer_recovery/u_cic_Q/u_integrator/ADD_TC_OP13_g807/CO -       A->CO  F     FA1D0BWP7T        1  0.9    32   114     911    (-,-) 
  u_downmixer_recovery/u_cic_Q/u_integrator/ADD_TC_OP13_g806/CO -       A->CO  F     FA1D0BWP7T        1  0.9    32   114    1026    (-,-) 
  u_downmixer_recovery/u_cic_Q/u_integrator/ADD_TC_OP13_g805/CO -       CI->CO F     FA1D0BWP7T        1  0.9    32    75    1101    (-,-) 
  u_downmixer_recovery/u_cic_Q/u_integrator/ADD_TC_OP13_g804/CO -       CI->CO F     FA1D0BWP7T        1  0.9    32    75    1176    (-,-) 
  u_downmixer_recovery/u_cic_Q/u_integrator/ADD_TC_OP13_g803/CO -       CI->CO F     FA1D0BWP7T        1  0.9    32    75    1251    (-,-) 
  u_downmixer_recovery/u_cic_Q/u_integrator/ADD_TC_OP13_g802/CO -       CI->CO F     FA1D0BWP7T        1  0.9    32    75    1327    (-,-) 
  u_downmixer_recovery/u_cic_Q/u_integrator/ADD_TC_OP13_g801/CO -       CI->CO F     FA1D0BWP7T        1  0.9    32    75    1402    (-,-) 
  u_downmixer_recovery/u_cic_Q/u_integrator/ADD_TC_OP13_g800/CO -       CI->CO F     FA1D0BWP7T        1  0.9    32    75    1477    (-,-) 
  u_downmixer_recovery/u_cic_Q/u_integrator/ADD_TC_OP13_g799/CO -       CI->CO F     FA1D0BWP7T        1  0.9    32    75    1553    (-,-) 
  u_downmixer_recovery/u_cic_Q/u_integrator/ADD_TC_OP13_g798/CO -       CI->CO F     FA1D0BWP7T        1  0.9    32    75    1628    (-,-) 
  u_downmixer_recovery/u_cic_Q/u_integrator/ADD_TC_OP13_g797/CO -       CI->CO F     FA1D0BWP7T        1  0.9    32    75    1703    (-,-) 
  u_downmixer_recovery/u_cic_Q/u_integrator/ADD_TC_OP13_g796/CO -       CI->CO F     FA1D0BWP7T        1  0.9    32    75    1778    (-,-) 
  u_downmixer_recovery/u_cic_Q/u_integrator/ADD_TC_OP13_g795/CO -       CI->CO F     FA1D0BWP7T        1  0.9    32    75    1854    (-,-) 
  u_downmixer_recovery/u_cic_Q/u_integrator/ADD_TC_OP13_g794/CO -       CI->CO F     FA1D0BWP7T        1  0.9    32    75    1929    (-,-) 
  u_downmixer_recovery/u_cic_Q/u_integrator/ADD_TC_OP13_g793/CO -       CI->CO F     FA1D0BWP7T        1  0.9    32    75    2004    (-,-) 
  u_downmixer_recovery/u_cic_Q/u_integrator/ADD_TC_OP13_g792/CO -       CI->CO F     FA1D0BWP7T        1  0.9    32    75    2080    (-,-) 
  u_downmixer_recovery/u_cic_Q/u_integrator/ADD_TC_OP13_g791/CO -       CI->CO F     FA1D0BWP7T        1  0.9    32    75    2155    (-,-) 
  u_downmixer_recovery/u_cic_Q/u_integrator/ADD_TC_OP13_g790/CO -       CI->CO F     FA1D0BWP7T        1  0.9    32    75    2230    (-,-) 
  u_downmixer_recovery/u_cic_Q/u_integrator/ADD_TC_OP13_g789/CO -       CI->CO F     FA1D0BWP7T        1  0.9    32    75    2306    (-,-) 
  u_downmixer_recovery/u_cic_Q/u_integrator/ADD_TC_OP13_g788/CO -       CI->CO F     FA1D0BWP7T        1  0.9    32    75    2381    (-,-) 
  u_downmixer_recovery/u_cic_Q/u_integrator/ADD_TC_OP13_g787/CO -       CI->CO F     FA1D0BWP7T        1  0.9    32    75    2456    (-,-) 
  u_downmixer_recovery/u_cic_Q/u_integrator/ADD_TC_OP13_g786/CO -       CI->CO F     FA1D0BWP7T        1  0.9    32    75    2532    (-,-) 
  u_downmixer_recovery/u_cic_Q/u_integrator/ADD_TC_OP13_g785/CO -       CI->CO F     FA1D0BWP7T        1  0.9    32    75    2607    (-,-) 
  u_downmixer_recovery/u_cic_Q/u_integrator/ADD_TC_OP13_g784/CO -       CI->CO F     FA1D0BWP7T        1  0.9    32    75    2682    (-,-) 
  u_downmixer_recovery/u_cic_Q/u_integrator/ADD_TC_OP13_g783/CO -       CI->CO F     FA1D0BWP7T        1  0.9    32    75    2757    (-,-) 
  u_downmixer_recovery/u_cic_Q/u_integrator/ADD_TC_OP13_g782/CO -       CI->CO F     FA1D0BWP7T        1  0.8    31    74    2832    (-,-) 
  u_downmixer_recovery/u_cic_Q/u_integrator/g1496/Z             -       A1->Z  R     XOR3D1BWP7T       1  0.6    20   115    2947    (-,-) 
  u_downmixer_recovery/u_cic_Q/u_integrator/int_d0_reg[30]/D    -       -      R     DFCNQD1BWP7T      1    -     -     0    2947    (-,-) 
#------------------------------------------------------------------------------------------------------------------------------------------



Path 6: MET (621936 ps) Setup Check with Pin u_downmixer_recovery/u_cic_Q/u_integrator/int_d0_reg[30]/CP->D
          Group: reg2reg
     Startpoint: (R) u_downmixer_recovery/u_dds_cordic/r_sin_out_reg[0]/CP
          Clock: (R) clk
       Endpoint: (R) u_downmixer_recovery/u_cic_Q/u_integrator/int_d0_reg[30]/D
          Clock: (R) clk

                     Capture       Launch     
        Clock Edge:+  625000            0     
       Src Latency:+       0            0     
       Net Latency:+       0 (I)        0 (I) 
           Arrival:=  625000            0     
                                              
             Setup:-      18                  
       Uncertainty:-     100                  
     Required Time:=  624882                  
      Launch Clock:-       0                  
         Data Path:-    2946                  
             Slack:=  621936                  

#------------------------------------------------------------------------------------------------------------------------------------------
#                         Timing Point                          Flags    Arc   Edge     Cell      Fanout Load Trans Delay Arrival Instance 
#                                                                                                        (fF)  (ps)  (ps)   (ps)  Location 
#------------------------------------------------------------------------------------------------------------------------------------------
  u_downmixer_recovery/u_dds_cordic/r_sin_out_reg[0]/CP         -       -      R     (arrival)      2355    -   100     0       0    (-,-) 
  u_downmixer_recovery/u_dds_cordic/r_sin_out_reg[0]/Q          -       CP->Q  R     DFXQD1BWP7T       7  4.8    47   126     126    (-,-) 
  u_downmixer_recovery/u_dds_cordic/g1101/ZN                    -       A1->ZN F     NR2D1BWP7T        2  1.2    20    16     142    (-,-) 
  u_downmixer_recovery/u_dds_cordic/g1095/ZN                    -       B->ZN  R     AOI21D0BWP7T      7  4.8   144    94     236    (-,-) 
  u_downmixer_recovery/u_mixer_Q/mul_8_32_drc_bufs1070/ZN       -       I->ZN  F     INVD1BWP7T        8  5.2    60    44     279    (-,-) 
  u_downmixer_recovery/u_mixer_Q/mul_8_32_g949/ZN               -       A1->ZN R     NR2XD0BWP7T       8  5.1    90    67     346    (-,-) 
  u_downmixer_recovery/u_mixer_Q/mul_8_32_g2/ZN                 -       A2->ZN R     IOA22D1BWP7T      1  1.3    48    54     401    (-,-) 
  u_downmixer_recovery/u_mixer_Q/mul_8_32_cdnfadd2/S            -       B->S   F     FA1D0BWP7T        1  0.6    28   131     532    (-,-) 
  u_downmixer_recovery/u_cic_Q/u_integrator/g1075/ZN            -       A1->ZN F     INR2D0BWP7T       1  0.9    22    35     567    (-,-) 
  u_downmixer_recovery/u_cic_Q/u_integrator/ADD_TC_OP13_g809/CO -       A->CO  F     FA1D0BWP7T        1  1.3    35   115     682    (-,-) 
  u_downmixer_recovery/u_cic_Q/u_integrator/ADD_TC_OP13_g808/CO -       B->CO  F     FA1D0BWP7T        1  0.9    32   115     797    (-,-) 
  u_downmixer_recovery/u_cic_Q/u_integrator/ADD_TC_OP13_g807/CO -       A->CO  F     FA1D0BWP7T        1  0.9    32   114     911    (-,-) 
  u_downmixer_recovery/u_cic_Q/u_integrator/ADD_TC_OP13_g806/CO -       A->CO  F     FA1D0BWP7T        1  0.9    32   114    1025    (-,-) 
  u_downmixer_recovery/u_cic_Q/u_integrator/ADD_TC_OP13_g805/CO -       CI->CO F     FA1D0BWP7T        1  0.9    32    75    1100    (-,-) 
  u_downmixer_recovery/u_cic_Q/u_integrator/ADD_TC_OP13_g804/CO -       CI->CO F     FA1D0BWP7T        1  0.9    32    75    1176    (-,-) 
  u_downmixer_recovery/u_cic_Q/u_integrator/ADD_TC_OP13_g803/CO -       CI->CO F     FA1D0BWP7T        1  0.9    32    75    1251    (-,-) 
  u_downmixer_recovery/u_cic_Q/u_integrator/ADD_TC_OP13_g802/CO -       CI->CO F     FA1D0BWP7T        1  0.9    32    75    1326    (-,-) 
  u_downmixer_recovery/u_cic_Q/u_integrator/ADD_TC_OP13_g801/CO -       CI->CO F     FA1D0BWP7T        1  0.9    32    75    1402    (-,-) 
  u_downmixer_recovery/u_cic_Q/u_integrator/ADD_TC_OP13_g800/CO -       CI->CO F     FA1D0BWP7T        1  0.9    32    75    1477    (-,-) 
  u_downmixer_recovery/u_cic_Q/u_integrator/ADD_TC_OP13_g799/CO -       CI->CO F     FA1D0BWP7T        1  0.9    32    75    1552    (-,-) 
  u_downmixer_recovery/u_cic_Q/u_integrator/ADD_TC_OP13_g798/CO -       CI->CO F     FA1D0BWP7T        1  0.9    32    75    1628    (-,-) 
  u_downmixer_recovery/u_cic_Q/u_integrator/ADD_TC_OP13_g797/CO -       CI->CO F     FA1D0BWP7T        1  0.9    32    75    1703    (-,-) 
  u_downmixer_recovery/u_cic_Q/u_integrator/ADD_TC_OP13_g796/CO -       CI->CO F     FA1D0BWP7T        1  0.9    32    75    1778    (-,-) 
  u_downmixer_recovery/u_cic_Q/u_integrator/ADD_TC_OP13_g795/CO -       CI->CO F     FA1D0BWP7T        1  0.9    32    75    1854    (-,-) 
  u_downmixer_recovery/u_cic_Q/u_integrator/ADD_TC_OP13_g794/CO -       CI->CO F     FA1D0BWP7T        1  0.9    32    75    1929    (-,-) 
  u_downmixer_recovery/u_cic_Q/u_integrator/ADD_TC_OP13_g793/CO -       CI->CO F     FA1D0BWP7T        1  0.9    32    75    2004    (-,-) 
  u_downmixer_recovery/u_cic_Q/u_integrator/ADD_TC_OP13_g792/CO -       CI->CO F     FA1D0BWP7T        1  0.9    32    75    2079    (-,-) 
  u_downmixer_recovery/u_cic_Q/u_integrator/ADD_TC_OP13_g791/CO -       CI->CO F     FA1D0BWP7T        1  0.9    32    75    2155    (-,-) 
  u_downmixer_recovery/u_cic_Q/u_integrator/ADD_TC_OP13_g790/CO -       CI->CO F     FA1D0BWP7T        1  0.9    32    75    2230    (-,-) 
  u_downmixer_recovery/u_cic_Q/u_integrator/ADD_TC_OP13_g789/CO -       CI->CO F     FA1D0BWP7T        1  0.9    32    75    2305    (-,-) 
  u_downmixer_recovery/u_cic_Q/u_integrator/ADD_TC_OP13_g788/CO -       CI->CO F     FA1D0BWP7T        1  0.9    32    75    2381    (-,-) 
  u_downmixer_recovery/u_cic_Q/u_integrator/ADD_TC_OP13_g787/CO -       CI->CO F     FA1D0BWP7T        1  0.9    32    75    2456    (-,-) 
  u_downmixer_recovery/u_cic_Q/u_integrator/ADD_TC_OP13_g786/CO -       CI->CO F     FA1D0BWP7T        1  0.9    32    75    2531    (-,-) 
  u_downmixer_recovery/u_cic_Q/u_integrator/ADD_TC_OP13_g785/CO -       CI->CO F     FA1D0BWP7T        1  0.9    32    75    2606    (-,-) 
  u_downmixer_recovery/u_cic_Q/u_integrator/ADD_TC_OP13_g784/CO -       CI->CO F     FA1D0BWP7T        1  0.9    32    75    2682    (-,-) 
  u_downmixer_recovery/u_cic_Q/u_integrator/ADD_TC_OP13_g783/CO -       CI->CO F     FA1D0BWP7T        1  0.9    32    75    2757    (-,-) 
  u_downmixer_recovery/u_cic_Q/u_integrator/ADD_TC_OP13_g782/CO -       CI->CO F     FA1D0BWP7T        1  0.8    31    74    2831    (-,-) 
  u_downmixer_recovery/u_cic_Q/u_integrator/g1496/Z             -       A1->Z  R     XOR3D1BWP7T       1  0.6    20   115    2946    (-,-) 
  u_downmixer_recovery/u_cic_Q/u_integrator/int_d0_reg[30]/D    -       -      R     DFCNQD1BWP7T      1    -     -     0    2946    (-,-) 
#------------------------------------------------------------------------------------------------------------------------------------------



Path 7: MET (621936 ps) Setup Check with Pin u_downmixer_recovery/u_cic_Q/u_integrator/int_d0_reg[30]/CP->D
          Group: reg2reg
     Startpoint: (R) u_downmixer_recovery/u_dds_cordic/r_sin_out_reg[0]/CP
          Clock: (R) clk
       Endpoint: (R) u_downmixer_recovery/u_cic_Q/u_integrator/int_d0_reg[30]/D
          Clock: (R) clk

                     Capture       Launch     
        Clock Edge:+  625000            0     
       Src Latency:+       0            0     
       Net Latency:+       0 (I)        0 (I) 
           Arrival:=  625000            0     
                                              
             Setup:-      18                  
       Uncertainty:-     100                  
     Required Time:=  624882                  
      Launch Clock:-       0                  
         Data Path:-    2946                  
             Slack:=  621936                  

#------------------------------------------------------------------------------------------------------------------------------------------
#                         Timing Point                          Flags    Arc   Edge     Cell      Fanout Load Trans Delay Arrival Instance 
#                                                                                                        (fF)  (ps)  (ps)   (ps)  Location 
#------------------------------------------------------------------------------------------------------------------------------------------
  u_downmixer_recovery/u_dds_cordic/r_sin_out_reg[0]/CP         -       -      R     (arrival)      2355    -   100     0       0    (-,-) 
  u_downmixer_recovery/u_dds_cordic/r_sin_out_reg[0]/Q          -       CP->Q  F     DFXQD1BWP7T       7  4.8    32   120     120    (-,-) 
  u_downmixer_recovery/u_dds_cordic/g1095/ZN                    -       A1->ZN R     AOI21D0BWP7T      7  4.8   144    90     210    (-,-) 
  u_downmixer_recovery/u_mixer_Q/mul_8_32_drc_bufs1070/ZN       -       I->ZN  F     INVD1BWP7T        8  5.2    60    44     254    (-,-) 
  u_downmixer_recovery/u_mixer_Q/mul_8_32_g949/ZN               -       A1->ZN R     NR2XD0BWP7T       8  5.1    90    67     321    (-,-) 
  u_downmixer_recovery/u_mixer_Q/mul_8_32_g936/ZN               -       A2->ZN F     AOI22D0BWP7T      2  1.3    52    36     357    (-,-) 
  u_downmixer_recovery/u_mixer_Q/mul_8_32_g910/ZN               -       A1->ZN R     NR2XD0BWP7T       2  1.5    41    35     392    (-,-) 
  u_downmixer_recovery/u_mixer_Q/mul_8_32_g894/ZN               -       B->ZN  F     AOI21D0BWP7T      1  0.6    34    20     412    (-,-) 
  u_downmixer_recovery/u_cic_Q/u_integrator/g1080/ZN            -       A1->ZN F     INR2D0BWP7T       1  0.9    22    37     449    (-,-) 
  u_downmixer_recovery/u_cic_Q/u_integrator/ADD_TC_OP13_g810/CO -       A->CO  F     FA1D0BWP7T        1  1.3    35   115     563    (-,-) 
  u_downmixer_recovery/u_cic_Q/u_integrator/ADD_TC_OP13_g809/CO -       B->CO  F     FA1D0BWP7T        1  1.3    35   118     682    (-,-) 
  u_downmixer_recovery/u_cic_Q/u_integrator/ADD_TC_OP13_g808/CO -       B->CO  F     FA1D0BWP7T        1  0.9    32   115     796    (-,-) 
  u_downmixer_recovery/u_cic_Q/u_integrator/ADD_TC_OP13_g807/CO -       A->CO  F     FA1D0BWP7T        1  0.9    32   114     910    (-,-) 
  u_downmixer_recovery/u_cic_Q/u_integrator/ADD_TC_OP13_g806/CO -       A->CO  F     FA1D0BWP7T        1  0.9    32   114    1025    (-,-) 
  u_downmixer_recovery/u_cic_Q/u_integrator/ADD_TC_OP13_g805/CO -       CI->CO F     FA1D0BWP7T        1  0.9    32    75    1100    (-,-) 
  u_downmixer_recovery/u_cic_Q/u_integrator/ADD_TC_OP13_g804/CO -       CI->CO F     FA1D0BWP7T        1  0.9    32    75    1175    (-,-) 
  u_downmixer_recovery/u_cic_Q/u_integrator/ADD_TC_OP13_g803/CO -       CI->CO F     FA1D0BWP7T        1  0.9    32    75    1250    (-,-) 
  u_downmixer_recovery/u_cic_Q/u_integrator/ADD_TC_OP13_g802/CO -       CI->CO F     FA1D0BWP7T        1  0.9    32    75    1326    (-,-) 
  u_downmixer_recovery/u_cic_Q/u_integrator/ADD_TC_OP13_g801/CO -       CI->CO F     FA1D0BWP7T        1  0.9    32    75    1401    (-,-) 
  u_downmixer_recovery/u_cic_Q/u_integrator/ADD_TC_OP13_g800/CO -       CI->CO F     FA1D0BWP7T        1  0.9    32    75    1476    (-,-) 
  u_downmixer_recovery/u_cic_Q/u_integrator/ADD_TC_OP13_g799/CO -       CI->CO F     FA1D0BWP7T        1  0.9    32    75    1552    (-,-) 
  u_downmixer_recovery/u_cic_Q/u_integrator/ADD_TC_OP13_g798/CO -       CI->CO F     FA1D0BWP7T        1  0.9    32    75    1627    (-,-) 
  u_downmixer_recovery/u_cic_Q/u_integrator/ADD_TC_OP13_g797/CO -       CI->CO F     FA1D0BWP7T        1  0.9    32    75    1702    (-,-) 
  u_downmixer_recovery/u_cic_Q/u_integrator/ADD_TC_OP13_g796/CO -       CI->CO F     FA1D0BWP7T        1  0.9    32    75    1778    (-,-) 
  u_downmixer_recovery/u_cic_Q/u_integrator/ADD_TC_OP13_g795/CO -       CI->CO F     FA1D0BWP7T        1  0.9    32    75    1853    (-,-) 
  u_downmixer_recovery/u_cic_Q/u_integrator/ADD_TC_OP13_g794/CO -       CI->CO F     FA1D0BWP7T        1  0.9    32    75    1928    (-,-) 
  u_downmixer_recovery/u_cic_Q/u_integrator/ADD_TC_OP13_g793/CO -       CI->CO F     FA1D0BWP7T        1  0.9    32    75    2004    (-,-) 
  u_downmixer_recovery/u_cic_Q/u_integrator/ADD_TC_OP13_g792/CO -       CI->CO F     FA1D0BWP7T        1  0.9    32    75    2079    (-,-) 
  u_downmixer_recovery/u_cic_Q/u_integrator/ADD_TC_OP13_g791/CO -       CI->CO F     FA1D0BWP7T        1  0.9    32    75    2154    (-,-) 
  u_downmixer_recovery/u_cic_Q/u_integrator/ADD_TC_OP13_g790/CO -       CI->CO F     FA1D0BWP7T        1  0.9    32    75    2229    (-,-) 
  u_downmixer_recovery/u_cic_Q/u_integrator/ADD_TC_OP13_g789/CO -       CI->CO F     FA1D0BWP7T        1  0.9    32    75    2305    (-,-) 
  u_downmixer_recovery/u_cic_Q/u_integrator/ADD_TC_OP13_g788/CO -       CI->CO F     FA1D0BWP7T        1  0.9    32    75    2380    (-,-) 
  u_downmixer_recovery/u_cic_Q/u_integrator/ADD_TC_OP13_g787/CO -       CI->CO F     FA1D0BWP7T        1  0.9    32    75    2455    (-,-) 
  u_downmixer_recovery/u_cic_Q/u_integrator/ADD_TC_OP13_g786/CO -       CI->CO F     FA1D0BWP7T        1  0.9    32    75    2531    (-,-) 
  u_downmixer_recovery/u_cic_Q/u_integrator/ADD_TC_OP13_g785/CO -       CI->CO F     FA1D0BWP7T        1  0.9    32    75    2606    (-,-) 
  u_downmixer_recovery/u_cic_Q/u_integrator/ADD_TC_OP13_g784/CO -       CI->CO F     FA1D0BWP7T        1  0.9    32    75    2681    (-,-) 
  u_downmixer_recovery/u_cic_Q/u_integrator/ADD_TC_OP13_g783/CO -       CI->CO F     FA1D0BWP7T        1  0.9    32    75    2756    (-,-) 
  u_downmixer_recovery/u_cic_Q/u_integrator/ADD_TC_OP13_g782/CO -       CI->CO F     FA1D0BWP7T        1  0.8    31    74    2831    (-,-) 
  u_downmixer_recovery/u_cic_Q/u_integrator/g1496/Z             -       A1->Z  R     XOR3D1BWP7T       1  0.6    20   115    2946    (-,-) 
  u_downmixer_recovery/u_cic_Q/u_integrator/int_d0_reg[30]/D    -       -      R     DFCNQD1BWP7T      1    -     -     0    2946    (-,-) 
#------------------------------------------------------------------------------------------------------------------------------------------



Path 8: MET (621936 ps) Setup Check with Pin u_downmixer_recovery/u_cic_Q/u_integrator/int_d0_reg[30]/CP->D
          Group: reg2reg
     Startpoint: (R) u_downmixer_recovery/u_dds_cordic/r_sin_out_reg[1]/CP
          Clock: (R) clk
       Endpoint: (R) u_downmixer_recovery/u_cic_Q/u_integrator/int_d0_reg[30]/D
          Clock: (R) clk

                     Capture       Launch     
        Clock Edge:+  625000            0     
       Src Latency:+       0            0     
       Net Latency:+       0 (I)        0 (I) 
           Arrival:=  625000            0     
                                              
             Setup:-      18                  
       Uncertainty:-     100                  
     Required Time:=  624882                  
      Launch Clock:-       0                  
         Data Path:-    2946                  
             Slack:=  621936                  

#------------------------------------------------------------------------------------------------------------------------------------------
#                         Timing Point                          Flags    Arc   Edge     Cell      Fanout Load Trans Delay Arrival Instance 
#                                                                                                        (fF)  (ps)  (ps)   (ps)  Location 
#------------------------------------------------------------------------------------------------------------------------------------------
  u_downmixer_recovery/u_dds_cordic/r_sin_out_reg[1]/CP         -       -      R     (arrival)      2355    -   100     0       0    (-,-) 
  u_downmixer_recovery/u_dds_cordic/r_sin_out_reg[1]/Q          -       CP->Q  R     EDFQD1BWP7T       2  1.5    23   102     102    (-,-) 
  u_downmixer_recovery/u_dds_cordic/g1101/ZN                    -       A2->ZN F     NR2D1BWP7T        2  1.2    20    14     116    (-,-) 
  u_downmixer_recovery/u_dds_cordic/g1095/ZN                    -       B->ZN  R     AOI21D0BWP7T      7  4.8   144    94     210    (-,-) 
  u_downmixer_recovery/u_mixer_Q/mul_8_32_drc_bufs1070/ZN       -       I->ZN  F     INVD1BWP7T        8  5.2    60    44     254    (-,-) 
  u_downmixer_recovery/u_mixer_Q/mul_8_32_g949/ZN               -       A1->ZN R     NR2XD0BWP7T       8  5.1    90    67     321    (-,-) 
  u_downmixer_recovery/u_mixer_Q/mul_8_32_g936/ZN               -       A2->ZN F     AOI22D0BWP7T      2  1.3    52    36     357    (-,-) 
  u_downmixer_recovery/u_mixer_Q/mul_8_32_g910/ZN               -       A1->ZN R     NR2XD0BWP7T       2  1.5    41    35     391    (-,-) 
  u_downmixer_recovery/u_mixer_Q/mul_8_32_g894/ZN               -       B->ZN  F     AOI21D0BWP7T      1  0.6    34    20     412    (-,-) 
  u_downmixer_recovery/u_cic_Q/u_integrator/g1080/ZN            -       A1->ZN F     INR2D0BWP7T       1  0.9    22    37     448    (-,-) 
  u_downmixer_recovery/u_cic_Q/u_integrator/ADD_TC_OP13_g810/CO -       A->CO  F     FA1D0BWP7T        1  1.3    35   115     563    (-,-) 
  u_downmixer_recovery/u_cic_Q/u_integrator/ADD_TC_OP13_g809/CO -       B->CO  F     FA1D0BWP7T        1  1.3    35   118     681    (-,-) 
  u_downmixer_recovery/u_cic_Q/u_integrator/ADD_TC_OP13_g808/CO -       B->CO  F     FA1D0BWP7T        1  0.9    32   115     796    (-,-) 
  u_downmixer_recovery/u_cic_Q/u_integrator/ADD_TC_OP13_g807/CO -       A->CO  F     FA1D0BWP7T        1  0.9    32   114     910    (-,-) 
  u_downmixer_recovery/u_cic_Q/u_integrator/ADD_TC_OP13_g806/CO -       A->CO  F     FA1D0BWP7T        1  0.9    32   114    1024    (-,-) 
  u_downmixer_recovery/u_cic_Q/u_integrator/ADD_TC_OP13_g805/CO -       CI->CO F     FA1D0BWP7T        1  0.9    32    75    1100    (-,-) 
  u_downmixer_recovery/u_cic_Q/u_integrator/ADD_TC_OP13_g804/CO -       CI->CO F     FA1D0BWP7T        1  0.9    32    75    1175    (-,-) 
  u_downmixer_recovery/u_cic_Q/u_integrator/ADD_TC_OP13_g803/CO -       CI->CO F     FA1D0BWP7T        1  0.9    32    75    1250    (-,-) 
  u_downmixer_recovery/u_cic_Q/u_integrator/ADD_TC_OP13_g802/CO -       CI->CO F     FA1D0BWP7T        1  0.9    32    75    1326    (-,-) 
  u_downmixer_recovery/u_cic_Q/u_integrator/ADD_TC_OP13_g801/CO -       CI->CO F     FA1D0BWP7T        1  0.9    32    75    1401    (-,-) 
  u_downmixer_recovery/u_cic_Q/u_integrator/ADD_TC_OP13_g800/CO -       CI->CO F     FA1D0BWP7T        1  0.9    32    75    1476    (-,-) 
  u_downmixer_recovery/u_cic_Q/u_integrator/ADD_TC_OP13_g799/CO -       CI->CO F     FA1D0BWP7T        1  0.9    32    75    1552    (-,-) 
  u_downmixer_recovery/u_cic_Q/u_integrator/ADD_TC_OP13_g798/CO -       CI->CO F     FA1D0BWP7T        1  0.9    32    75    1627    (-,-) 
  u_downmixer_recovery/u_cic_Q/u_integrator/ADD_TC_OP13_g797/CO -       CI->CO F     FA1D0BWP7T        1  0.9    32    75    1702    (-,-) 
  u_downmixer_recovery/u_cic_Q/u_integrator/ADD_TC_OP13_g796/CO -       CI->CO F     FA1D0BWP7T        1  0.9    32    75    1777    (-,-) 
  u_downmixer_recovery/u_cic_Q/u_integrator/ADD_TC_OP13_g795/CO -       CI->CO F     FA1D0BWP7T        1  0.9    32    75    1853    (-,-) 
  u_downmixer_recovery/u_cic_Q/u_integrator/ADD_TC_OP13_g794/CO -       CI->CO F     FA1D0BWP7T        1  0.9    32    75    1928    (-,-) 
  u_downmixer_recovery/u_cic_Q/u_integrator/ADD_TC_OP13_g793/CO -       CI->CO F     FA1D0BWP7T        1  0.9    32    75    2003    (-,-) 
  u_downmixer_recovery/u_cic_Q/u_integrator/ADD_TC_OP13_g792/CO -       CI->CO F     FA1D0BWP7T        1  0.9    32    75    2079    (-,-) 
  u_downmixer_recovery/u_cic_Q/u_integrator/ADD_TC_OP13_g791/CO -       CI->CO F     FA1D0BWP7T        1  0.9    32    75    2154    (-,-) 
  u_downmixer_recovery/u_cic_Q/u_integrator/ADD_TC_OP13_g790/CO -       CI->CO F     FA1D0BWP7T        1  0.9    32    75    2229    (-,-) 
  u_downmixer_recovery/u_cic_Q/u_integrator/ADD_TC_OP13_g789/CO -       CI->CO F     FA1D0BWP7T        1  0.9    32    75    2304    (-,-) 
  u_downmixer_recovery/u_cic_Q/u_integrator/ADD_TC_OP13_g788/CO -       CI->CO F     FA1D0BWP7T        1  0.9    32    75    2380    (-,-) 
  u_downmixer_recovery/u_cic_Q/u_integrator/ADD_TC_OP13_g787/CO -       CI->CO F     FA1D0BWP7T        1  0.9    32    75    2455    (-,-) 
  u_downmixer_recovery/u_cic_Q/u_integrator/ADD_TC_OP13_g786/CO -       CI->CO F     FA1D0BWP7T        1  0.9    32    75    2530    (-,-) 
  u_downmixer_recovery/u_cic_Q/u_integrator/ADD_TC_OP13_g785/CO -       CI->CO F     FA1D0BWP7T        1  0.9    32    75    2606    (-,-) 
  u_downmixer_recovery/u_cic_Q/u_integrator/ADD_TC_OP13_g784/CO -       CI->CO F     FA1D0BWP7T        1  0.9    32    75    2681    (-,-) 
  u_downmixer_recovery/u_cic_Q/u_integrator/ADD_TC_OP13_g783/CO -       CI->CO F     FA1D0BWP7T        1  0.9    32    75    2756    (-,-) 
  u_downmixer_recovery/u_cic_Q/u_integrator/ADD_TC_OP13_g782/CO -       CI->CO F     FA1D0BWP7T        1  0.8    31    74    2831    (-,-) 
  u_downmixer_recovery/u_cic_Q/u_integrator/g1496/Z             -       A1->Z  R     XOR3D1BWP7T       1  0.6    20   115    2946    (-,-) 
  u_downmixer_recovery/u_cic_Q/u_integrator/int_d0_reg[30]/D    -       -      R     DFCNQD1BWP7T      1    -     -     0    2946    (-,-) 
#------------------------------------------------------------------------------------------------------------------------------------------



Path 9: MET (621937 ps) Setup Check with Pin u_downmixer_recovery/u_cic_Q/u_integrator/int_d0_reg[30]/CP->D
          Group: reg2reg
     Startpoint: (R) u_downmixer_recovery/u_dds_cordic/r_sin_out_reg[0]/CP
          Clock: (R) clk
       Endpoint: (R) u_downmixer_recovery/u_cic_Q/u_integrator/int_d0_reg[30]/D
          Clock: (R) clk

                     Capture       Launch     
        Clock Edge:+  625000            0     
       Src Latency:+       0            0     
       Net Latency:+       0 (I)        0 (I) 
           Arrival:=  625000            0     
                                              
             Setup:-      18                  
       Uncertainty:-     100                  
     Required Time:=  624882                  
      Launch Clock:-       0                  
         Data Path:-    2945                  
             Slack:=  621937                  

#------------------------------------------------------------------------------------------------------------------------------------------
#                         Timing Point                          Flags    Arc   Edge     Cell      Fanout Load Trans Delay Arrival Instance 
#                                                                                                        (fF)  (ps)  (ps)   (ps)  Location 
#------------------------------------------------------------------------------------------------------------------------------------------
  u_downmixer_recovery/u_dds_cordic/r_sin_out_reg[0]/CP         -       -      R     (arrival)      2355    -   100     0       0    (-,-) 
  u_downmixer_recovery/u_dds_cordic/r_sin_out_reg[0]/Q          -       CP->Q  F     DFXQD1BWP7T       7  4.8    32   120     120    (-,-) 
  u_downmixer_recovery/u_dds_cordic/g1101/ZN                    -       A1->ZN R     NR2D1BWP7T        2  1.2    34    29     150    (-,-) 
  u_downmixer_recovery/u_dds_cordic/g1099/ZN                    -       I->ZN  F     INVD0BWP7T        2  1.4    22    20     169    (-,-) 
  u_downmixer_recovery/u_dds_cordic/g1076/ZN                    -       A1->ZN R     NR2D1BWP7T        2  1.5    37    29     199    (-,-) 
  u_downmixer_recovery/u_dds_cordic/g1075/ZN                    -       I->ZN  F     CKND1BWP7T        2  1.4    21    18     217    (-,-) 
  u_downmixer_recovery/u_dds_cordic/g1072/ZN                    -       A1->ZN R     NR2D1BWP7T        2  1.2    33    27     244    (-,-) 
  u_downmixer_recovery/u_dds_cordic/g1071/ZN                    -       I->ZN  F     INVD0BWP7T        2  1.4    22    19     263    (-,-) 
  u_downmixer_recovery/u_dds_cordic/g1068/ZN                    -       A1->ZN R     NR2D1BWP7T        2  1.5    37    29     292    (-,-) 
  u_downmixer_recovery/u_dds_cordic/g1067/ZN                    -       I->ZN  F     CKND1BWP7T        2  1.4    21    18     310    (-,-) 
  u_downmixer_recovery/u_dds_cordic/g1059/ZN                    -       A1->ZN R     AOI21D0BWP7T      6  4.1   128    77     388    (-,-) 
  u_downmixer_recovery/u_mixer_Q/mul_8_32_drc_bufs1086/ZN       -       I->ZN  F     INVD1BWP7T        5  3.3    47    32     420    (-,-) 
  u_downmixer_recovery/u_mixer_Q/mul_8_32_drc_bufs1083/ZN       -       I->ZN  R     INVD1BWP7T        5  3.3    39    32     452    (-,-) 
  u_downmixer_recovery/u_mixer_Q/mul_8_32_g1053/ZN              -       I->ZN  F     CKND1BWP7T        4  2.9    30    26     478    (-,-) 
  u_downmixer_recovery/u_mixer_Q/mul_8_32_g1004/ZN              -       A1->ZN R     NR2D1BWP7T        2  1.2    35    29     507    (-,-) 
  u_downmixer_recovery/u_mixer_Q/mul_8_32_g930/ZN               -       B2->ZN F     AOI22D0BWP7T      2  1.3    53    35     542    (-,-) 
  u_downmixer_recovery/u_mixer_Q/mul_8_32_g906/ZN               -       A2->ZN R     NR2XD0BWP7T       2  1.5    41    36     578    (-,-) 
  u_downmixer_recovery/u_mixer_Q/mul_8_32_g892/ZN               -       B->ZN  F     AOI21D0BWP7T      1  1.3    44    24     602    (-,-) 
  u_downmixer_recovery/u_mixer_Q/mul_8_32_cdnfadd_005_0/CO      -       B->CO  F     FA1D0BWP7T        1  0.9    32   117     719    (-,-) 
  u_downmixer_recovery/u_mixer_Q/mul_8_32_cdnfadd_006_1/S       -       CI->S  R     FA1D0BWP7T        1  1.3    35   104     823    (-,-) 
  u_downmixer_recovery/u_mixer_Q/mul_8_32_cdnfadd6/S            -       B->S   F     FA1D0BWP7T        1  0.6    28   127     950    (-,-) 
  u_downmixer_recovery/u_cic_Q/u_integrator/g1046/ZN            -       A1->ZN F     INR2D0BWP7T       1  1.3    25    38     988    (-,-) 
  u_downmixer_recovery/u_cic_Q/u_integrator/ADD_TC_OP13_g805/CO -       B->CO  F     FA1D0BWP7T        1  0.9    32   112    1099    (-,-) 
  u_downmixer_recovery/u_cic_Q/u_integrator/ADD_TC_OP13_g804/CO -       CI->CO F     FA1D0BWP7T        1  0.9    32    75    1174    (-,-) 
  u_downmixer_recovery/u_cic_Q/u_integrator/ADD_TC_OP13_g803/CO -       CI->CO F     FA1D0BWP7T        1  0.9    32    75    1250    (-,-) 
  u_downmixer_recovery/u_cic_Q/u_integrator/ADD_TC_OP13_g802/CO -       CI->CO F     FA1D0BWP7T        1  0.9    32    75    1325    (-,-) 
  u_downmixer_recovery/u_cic_Q/u_integrator/ADD_TC_OP13_g801/CO -       CI->CO F     FA1D0BWP7T        1  0.9    32    75    1400    (-,-) 
  u_downmixer_recovery/u_cic_Q/u_integrator/ADD_TC_OP13_g800/CO -       CI->CO F     FA1D0BWP7T        1  0.9    32    75    1476    (-,-) 
  u_downmixer_recovery/u_cic_Q/u_integrator/ADD_TC_OP13_g799/CO -       CI->CO F     FA1D0BWP7T        1  0.9    32    75    1551    (-,-) 
  u_downmixer_recovery/u_cic_Q/u_integrator/ADD_TC_OP13_g798/CO -       CI->CO F     FA1D0BWP7T        1  0.9    32    75    1626    (-,-) 
  u_downmixer_recovery/u_cic_Q/u_integrator/ADD_TC_OP13_g797/CO -       CI->CO F     FA1D0BWP7T        1  0.9    32    75    1702    (-,-) 
  u_downmixer_recovery/u_cic_Q/u_integrator/ADD_TC_OP13_g796/CO -       CI->CO F     FA1D0BWP7T        1  0.9    32    75    1777    (-,-) 
  u_downmixer_recovery/u_cic_Q/u_integrator/ADD_TC_OP13_g795/CO -       CI->CO F     FA1D0BWP7T        1  0.9    32    75    1852    (-,-) 
  u_downmixer_recovery/u_cic_Q/u_integrator/ADD_TC_OP13_g794/CO -       CI->CO F     FA1D0BWP7T        1  0.9    32    75    1928    (-,-) 
  u_downmixer_recovery/u_cic_Q/u_integrator/ADD_TC_OP13_g793/CO -       CI->CO F     FA1D0BWP7T        1  0.9    32    75    2003    (-,-) 
  u_downmixer_recovery/u_cic_Q/u_integrator/ADD_TC_OP13_g792/CO -       CI->CO F     FA1D0BWP7T        1  0.9    32    75    2078    (-,-) 
  u_downmixer_recovery/u_cic_Q/u_integrator/ADD_TC_OP13_g791/CO -       CI->CO F     FA1D0BWP7T        1  0.9    32    75    2153    (-,-) 
  u_downmixer_recovery/u_cic_Q/u_integrator/ADD_TC_OP13_g790/CO -       CI->CO F     FA1D0BWP7T        1  0.9    32    75    2229    (-,-) 
  u_downmixer_recovery/u_cic_Q/u_integrator/ADD_TC_OP13_g789/CO -       CI->CO F     FA1D0BWP7T        1  0.9    32    75    2304    (-,-) 
  u_downmixer_recovery/u_cic_Q/u_integrator/ADD_TC_OP13_g788/CO -       CI->CO F     FA1D0BWP7T        1  0.9    32    75    2379    (-,-) 
  u_downmixer_recovery/u_cic_Q/u_integrator/ADD_TC_OP13_g787/CO -       CI->CO F     FA1D0BWP7T        1  0.9    32    75    2455    (-,-) 
  u_downmixer_recovery/u_cic_Q/u_integrator/ADD_TC_OP13_g786/CO -       CI->CO F     FA1D0BWP7T        1  0.9    32    75    2530    (-,-) 
  u_downmixer_recovery/u_cic_Q/u_integrator/ADD_TC_OP13_g785/CO -       CI->CO F     FA1D0BWP7T        1  0.9    32    75    2605    (-,-) 
  u_downmixer_recovery/u_cic_Q/u_integrator/ADD_TC_OP13_g784/CO -       CI->CO F     FA1D0BWP7T        1  0.9    32    75    2680    (-,-) 
  u_downmixer_recovery/u_cic_Q/u_integrator/ADD_TC_OP13_g783/CO -       CI->CO F     FA1D0BWP7T        1  0.9    32    75    2756    (-,-) 
  u_downmixer_recovery/u_cic_Q/u_integrator/ADD_TC_OP13_g782/CO -       CI->CO F     FA1D0BWP7T        1  0.8    31    74    2830    (-,-) 
  u_downmixer_recovery/u_cic_Q/u_integrator/g1496/Z             -       A1->Z  R     XOR3D1BWP7T       1  0.6    20   115    2945    (-,-) 
  u_downmixer_recovery/u_cic_Q/u_integrator/int_d0_reg[30]/D    -       -      R     DFCNQD1BWP7T      1    -     -     0    2945    (-,-) 
#------------------------------------------------------------------------------------------------------------------------------------------



Path 10: MET (621938 ps) Setup Check with Pin u_downmixer_recovery/u_cic_Q/u_integrator/int_d0_reg[30]/CP->D
          Group: reg2reg
     Startpoint: (R) u_downmixer_recovery/u_dds_cordic/r_sin_out_reg[1]/CP
          Clock: (R) clk
       Endpoint: (R) u_downmixer_recovery/u_cic_Q/u_integrator/int_d0_reg[30]/D
          Clock: (R) clk

                     Capture       Launch     
        Clock Edge:+  625000            0     
       Src Latency:+       0            0     
       Net Latency:+       0 (I)        0 (I) 
           Arrival:=  625000            0     
                                              
             Setup:-      18                  
       Uncertainty:-     100                  
     Required Time:=  624882                  
      Launch Clock:-       0                  
         Data Path:-    2944                  
             Slack:=  621938                  

#------------------------------------------------------------------------------------------------------------------------------------------
#                         Timing Point                          Flags    Arc   Edge     Cell      Fanout Load Trans Delay Arrival Instance 
#                                                                                                        (fF)  (ps)  (ps)   (ps)  Location 
#------------------------------------------------------------------------------------------------------------------------------------------
  u_downmixer_recovery/u_dds_cordic/r_sin_out_reg[1]/CP         -       -      R     (arrival)      2355    -   100     0       0    (-,-) 
  u_downmixer_recovery/u_dds_cordic/r_sin_out_reg[1]/Q          -       CP->Q  F     EDFQD1BWP7T       2  1.5    20   118     118    (-,-) 
  u_downmixer_recovery/u_dds_cordic/g1095/ZN                    -       A2->ZN R     AOI21D0BWP7T      7  4.8   144    90     208    (-,-) 
  u_downmixer_recovery/u_mixer_Q/mul_8_32_drc_bufs1070/ZN       -       I->ZN  F     INVD1BWP7T        8  5.2    60    44     252    (-,-) 
  u_downmixer_recovery/u_mixer_Q/mul_8_32_g949/ZN               -       A1->ZN R     NR2XD0BWP7T       8  5.1    90    67     319    (-,-) 
  u_downmixer_recovery/u_mixer_Q/mul_8_32_g936/ZN               -       A2->ZN F     AOI22D0BWP7T      2  1.3    52    36     355    (-,-) 
  u_downmixer_recovery/u_mixer_Q/mul_8_32_g910/ZN               -       A1->ZN R     NR2XD0BWP7T       2  1.5    41    35     390    (-,-) 
  u_downmixer_recovery/u_mixer_Q/mul_8_32_g894/ZN               -       B->ZN  F     AOI21D0BWP7T      1  0.6    34    20     410    (-,-) 
  u_downmixer_recovery/u_cic_Q/u_integrator/g1080/ZN            -       A1->ZN F     INR2D0BWP7T       1  0.9    22    37     447    (-,-) 
  u_downmixer_recovery/u_cic_Q/u_integrator/ADD_TC_OP13_g810/CO -       A->CO  F     FA1D0BWP7T        1  1.3    35   115     561    (-,-) 
  u_downmixer_recovery/u_cic_Q/u_integrator/ADD_TC_OP13_g809/CO -       B->CO  F     FA1D0BWP7T        1  1.3    35   118     680    (-,-) 
  u_downmixer_recovery/u_cic_Q/u_integrator/ADD_TC_OP13_g808/CO -       B->CO  F     FA1D0BWP7T        1  0.9    32   115     794    (-,-) 
  u_downmixer_recovery/u_cic_Q/u_integrator/ADD_TC_OP13_g807/CO -       A->CO  F     FA1D0BWP7T        1  0.9    32   114     908    (-,-) 
  u_downmixer_recovery/u_cic_Q/u_integrator/ADD_TC_OP13_g806/CO -       A->CO  F     FA1D0BWP7T        1  0.9    32   114    1023    (-,-) 
  u_downmixer_recovery/u_cic_Q/u_integrator/ADD_TC_OP13_g805/CO -       CI->CO F     FA1D0BWP7T        1  0.9    32    75    1098    (-,-) 
  u_downmixer_recovery/u_cic_Q/u_integrator/ADD_TC_OP13_g804/CO -       CI->CO F     FA1D0BWP7T        1  0.9    32    75    1173    (-,-) 
  u_downmixer_recovery/u_cic_Q/u_integrator/ADD_TC_OP13_g803/CO -       CI->CO F     FA1D0BWP7T        1  0.9    32    75    1248    (-,-) 
  u_downmixer_recovery/u_cic_Q/u_integrator/ADD_TC_OP13_g802/CO -       CI->CO F     FA1D0BWP7T        1  0.9    32    75    1324    (-,-) 
  u_downmixer_recovery/u_cic_Q/u_integrator/ADD_TC_OP13_g801/CO -       CI->CO F     FA1D0BWP7T        1  0.9    32    75    1399    (-,-) 
  u_downmixer_recovery/u_cic_Q/u_integrator/ADD_TC_OP13_g800/CO -       CI->CO F     FA1D0BWP7T        1  0.9    32    75    1474    (-,-) 
  u_downmixer_recovery/u_cic_Q/u_integrator/ADD_TC_OP13_g799/CO -       CI->CO F     FA1D0BWP7T        1  0.9    32    75    1550    (-,-) 
  u_downmixer_recovery/u_cic_Q/u_integrator/ADD_TC_OP13_g798/CO -       CI->CO F     FA1D0BWP7T        1  0.9    32    75    1625    (-,-) 
  u_downmixer_recovery/u_cic_Q/u_integrator/ADD_TC_OP13_g797/CO -       CI->CO F     FA1D0BWP7T        1  0.9    32    75    1700    (-,-) 
  u_downmixer_recovery/u_cic_Q/u_integrator/ADD_TC_OP13_g796/CO -       CI->CO F     FA1D0BWP7T        1  0.9    32    75    1776    (-,-) 
  u_downmixer_recovery/u_cic_Q/u_integrator/ADD_TC_OP13_g795/CO -       CI->CO F     FA1D0BWP7T        1  0.9    32    75    1851    (-,-) 
  u_downmixer_recovery/u_cic_Q/u_integrator/ADD_TC_OP13_g794/CO -       CI->CO F     FA1D0BWP7T        1  0.9    32    75    1926    (-,-) 
  u_downmixer_recovery/u_cic_Q/u_integrator/ADD_TC_OP13_g793/CO -       CI->CO F     FA1D0BWP7T        1  0.9    32    75    2002    (-,-) 
  u_downmixer_recovery/u_cic_Q/u_integrator/ADD_TC_OP13_g792/CO -       CI->CO F     FA1D0BWP7T        1  0.9    32    75    2077    (-,-) 
  u_downmixer_recovery/u_cic_Q/u_integrator/ADD_TC_OP13_g791/CO -       CI->CO F     FA1D0BWP7T        1  0.9    32    75    2152    (-,-) 
  u_downmixer_recovery/u_cic_Q/u_integrator/ADD_TC_OP13_g790/CO -       CI->CO F     FA1D0BWP7T        1  0.9    32    75    2227    (-,-) 
  u_downmixer_recovery/u_cic_Q/u_integrator/ADD_TC_OP13_g789/CO -       CI->CO F     FA1D0BWP7T        1  0.9    32    75    2303    (-,-) 
  u_downmixer_recovery/u_cic_Q/u_integrator/ADD_TC_OP13_g788/CO -       CI->CO F     FA1D0BWP7T        1  0.9    32    75    2378    (-,-) 
  u_downmixer_recovery/u_cic_Q/u_integrator/ADD_TC_OP13_g787/CO -       CI->CO F     FA1D0BWP7T        1  0.9    32    75    2453    (-,-) 
  u_downmixer_recovery/u_cic_Q/u_integrator/ADD_TC_OP13_g786/CO -       CI->CO F     FA1D0BWP7T        1  0.9    32    75    2529    (-,-) 
  u_downmixer_recovery/u_cic_Q/u_integrator/ADD_TC_OP13_g785/CO -       CI->CO F     FA1D0BWP7T        1  0.9    32    75    2604    (-,-) 
  u_downmixer_recovery/u_cic_Q/u_integrator/ADD_TC_OP13_g784/CO -       CI->CO F     FA1D0BWP7T        1  0.9    32    75    2679    (-,-) 
  u_downmixer_recovery/u_cic_Q/u_integrator/ADD_TC_OP13_g783/CO -       CI->CO F     FA1D0BWP7T        1  0.9    32    75    2754    (-,-) 
  u_downmixer_recovery/u_cic_Q/u_integrator/ADD_TC_OP13_g782/CO -       CI->CO F     FA1D0BWP7T        1  0.8    31    74    2829    (-,-) 
  u_downmixer_recovery/u_cic_Q/u_integrator/g1496/Z             -       A1->Z  R     XOR3D1BWP7T       1  0.6    20   115    2944    (-,-) 
  u_downmixer_recovery/u_cic_Q/u_integrator/int_d0_reg[30]/D    -       -      R     DFCNQD1BWP7T      1    -     -     0    2944    (-,-) 
#------------------------------------------------------------------------------------------------------------------------------------------

