============================================================
  Generated by:           Genus(TM) Synthesis Solution 21.17-s066_1
  Generated on:           May 15 2025  12:24:32 am
  Module:                 top
  Technology library:     tcbn65lpbwp7tbc_ccs 141
  Operating conditions:   BCCOM (balanced_tree)
  Wireload mode:          segmented
  Area mode:              timing library
============================================================

       Instance                              Module                        Cell Count  Cell Area  Net Area   Total Area      Wireload     
------------------------------------------------------------------------------------------------------------------------------------------
top                                                                             10986  46367.440     0.000    46367.440 ZeroWireload (S)  
  u_clk_rec_zerox      clk_rec_zerox_IN_WIDTH7_OSR8_SYS_CLK_FREQ6400000_M         223    632.520     0.000      632.520 ZeroWireload (S)  
  u_demod_gmsk         demod_gmsk_SYS_CLK_FREQ6400000_MIXING_FREQ320000_D        1440   5332.880     0.000     5332.880 ZeroWireload (S)  
    u_cordic_vector    cordic_vector_SYS_CLK_FREQ6400000_MIXING_FREQ32000        1259   4775.120     0.000     4775.120 ZeroWireload (S)  
  u_downmixer_recovery downmixer_recovery_CIC_NIN16_CIC_NMAX40_CIC_NOUT16        8867  39422.040     0.000    39422.040 ZeroWireload (S)  
    imag_filter        hamming_filter_SYS_CLK_FREQ6400000_MIXING_FREQ3200        1920  10209.920     0.000    10209.920 ZeroWireload (S)  
    real_filter        hamming_filter_SYS_CLK_FREQ6400000_MIXING_FREQ3200        1920  10209.920     0.000    10209.920 ZeroWireload (S)  
    u_cic_I            cic_NIN16_NMAX40_NOUT16_SYS_CLK_FREQ6400000_MIXING         766   3641.120     0.000     3641.120 ZeroWireload (S)  
      u_comb           comb_NIN40_NOUT16_SYS_CLK_FREQ6400000_MIXING_FREQ3         289   1632.120     0.000     1632.120 ZeroWireload (S)  
      u_decimator      decimation_NDEC40_SYS_CLK_FREQ6400000_MIXING_FREQ3         180    739.200     0.000      739.200 ZeroWireload (S)  
      u_integrator     integrator_NIN16_NOUT40_SYS_CLK_FREQ6400000_MIXING         297   1269.800     0.000     1269.800 ZeroWireload (S)  
    u_cic_Q            cic_NIN16_NMAX40_NOUT16_SYS_CLK_FREQ6400000_MIXING         766   3641.120     0.000     3641.120 ZeroWireload (S)  
      u_comb           comb_NIN40_NOUT16_SYS_CLK_FREQ6400000_MIXING_FREQ3         289   1632.120     0.000     1632.120 ZeroWireload (S)  
      u_decimator      decimation_NDEC40_SYS_CLK_FREQ6400000_MIXING_FREQ3         180    739.200     0.000      739.200 ZeroWireload (S)  
      u_integrator     integrator_NIN16_NOUT40_SYS_CLK_FREQ6400000_MIXING         297   1269.800     0.000     1269.800 ZeroWireload (S)  
    u_dds_cordic       dds_cordic                                                2004   7378.560     0.000     7378.560 ZeroWireload (S)  
      u_cordic         cordic                                                    1866   6915.720     0.000     6915.720 ZeroWireload (S)  
    u_mixer_I          mixer                                                      172    376.040     0.000      376.040 ZeroWireload (S)  
    u_mixer_Q          mixer_215                                                  165    369.320     0.000      369.320 ZeroWireload (S)  
  u_varicode_decoder   varicode_decoder_SYS_CLK_FREQ6400000_MIXING_FREQ32         455    978.880     0.000      978.880 ZeroWireload (S)  
    u_varicode_lut     varicode_lut                                               228    330.120     0.000      330.120 ZeroWireload (S)  
  (S) = wireload was automatically selected
